# JRE version: OpenJDK Runtime Environment (8.0_342-b07) (build 1.8.0_342-b07)
# Java VM: OpenJDK 64-Bit Server VM (25.342-b07 mixed mode windows-amd64 compressed oops)
Heap:
 PSYoungGen      total 371712K, used 148166K [0x00000000e0000000, 0x0000000100000000, 0x0000000100000000)
  eden space 240128K, 26% used [0x00000000e0000000,0x00000000e3ece6e0,0x00000000eea80000)
  from space 131584K, 63% used [0x00000000eea80000,0x00000000f3c63168,0x00000000f6b00000)
  to   space 133120K, 0% used [0x00000000f7e00000,0x00000000f7e00000,0x0000000100000000)
 ParOldGen       total 327680K, used 213466K [0x00000000a0000000, 0x00000000b4000000, 0x00000000e0000000)
  object space 327680K, 65% used [0x00000000a0000000,0x00000000ad076980,0x00000000b4000000)
 Metaspace       used 90141K, capacity 92958K, committed 93056K, reserved 1130496K
  class space    used 10388K, capacity 11072K, committed 11136K, reserved 1048576K
GC Heap History (10 events):
Event: 34.890 GC heap before
{Heap before GC invocations=20 (full 3):
 PSYoungGen      total 377856K, used 373768K [0x00000000e0000000, 0x0000000100000000, 0x0000000100000000)
  eden space 275456K, 100% used [0x00000000e0000000,0x00000000f0d00000,0x00000000f0d00000)
  from space 102400K, 96% used [0x00000000f9c00000,0x00000000ffc02350,0x0000000100000000)
  to   space 124416K, 0% used [0x00000000f0d00000,0x00000000f0d00000,0x00000000f8680000)
 ParOldGen       total 327680K, used 213447K [0x00000000a0000000, 0x00000000b4000000, 0x00000000e0000000)
  object space 327680K, 65% used [0x00000000a0000000,0x00000000ad071cb0,0x00000000b4000000)
 Metaspace       used 85038K, capacity 87290K, committed 87808K, reserved 1126400K
  class space    used 10108K, capacity 10666K, committed 10752K, reserved 1048576K
Event: 34.925 GC heap after
Heap after GC invocations=20 (full 3):
 PSYoungGen      total 376320K, used 100479K [0x00000000e0000000, 0x0000000100000000, 0x0000000100000000)
  eden space 275456K, 0% used [0x00000000e0000000,0x00000000e0000000,0x00000000f0d00000)
  from space 100864K, 99% used [0x00000000f0d00000,0x00000000f6f1fd30,0x00000000f6f80000)
  to   space 135168K, 0% used [0x00000000f7c00000,0x00000000f7c00000,0x0000000100000000)
 ParOldGen       total 327680K, used 213447K [0x00000000a0000000, 0x00000000b4000000, 0x00000000e0000000)
  object space 327680K, 65% used [0x00000000a0000000,0x00000000ad071cb0,0x00000000b4000000)
 Metaspace       used 85038K, capacity 87290K, committed 87808K, reserved 1126400K
  class space    used 10108K, capacity 10666K, committed 10752K, reserved 1048576K
}
Event: 35.653 GC heap before
{Heap before GC invocations=21 (full 3):
 PSYoungGen      total 376320K, used 375935K [0x00000000e0000000, 0x0000000100000000, 0x0000000100000000)
  eden space 275456K, 100% used [0x00000000e0000000,0x00000000f0d00000,0x00000000f0d00000)
  from space 100864K, 99% used [0x00000000f0d00000,0x00000000f6f1fd30,0x00000000f6f80000)
  to   space 135168K, 0% used [0x00000000f7c00000,0x00000000f7c00000,0x0000000100000000)
 ParOldGen       total 327680K, used 213447K [0x00000000a0000000, 0x00000000b4000000, 0x00000000e0000000)
  object space 327680K, 65% used [0x00000000a0000000,0x00000000ad071cb0,0x00000000b4000000)
 Metaspace       used 85057K, capacity 87290K, committed 87808K, reserved 1126400K
  class space    used 10108K, capacity 10666K, committed 10752K, reserved 1048576K
Event: 35.694 GC heap after
Heap after GC invocations=21 (full 3):
 PSYoungGen      total 369664K, used 103979K [0x00000000e0000000, 0x0000000100000000, 0x0000000100000000)
  eden space 234496K, 0% used [0x00000000e0000000,0x00000000e0000000,0x00000000ee500000)
  from space 135168K, 76% used [0x00000000f7c00000,0x00000000fe18ac18,0x0000000100000000)
  to   space 144896K, 0% used [0x00000000ee500000,0x00000000ee500000,0x00000000f7280000)
 ParOldGen       total 327680K, used 213447K [0x00000000a0000000, 0x00000000b4000000, 0x00000000e0000000)
  object space 327680K, 65% used [0x00000000a0000000,0x00000000ad071cb0,0x00000000b4000000)
 Metaspace       used 85057K, capacity 87290K, committed 87808K, reserved 1126400K
  class space    used 10108K, capacity 10666K, committed 10752K, reserved 1048576K
}
Event: 36.799 GC heap before
{Heap before GC invocations=22 (full 3):
 PSYoungGen      total 369664K, used 338475K [0x00000000e0000000, 0x0000000100000000, 0x0000000100000000)
  eden space 234496K, 100% used [0x00000000e0000000,0x00000000ee500000,0x00000000ee500000)
  from space 135168K, 76% used [0x00000000f7c00000,0x00000000fe18ac18,0x0000000100000000)
  to   space 144896K, 0% used [0x00000000ee500000,0x00000000ee500000,0x00000000f7280000)
 ParOldGen       total 327680K, used 213447K [0x00000000a0000000, 0x00000000b4000000, 0x00000000e0000000)
  object space 327680K, 65% used [0x00000000a0000000,0x00000000ad071e48,0x00000000b4000000)
 Metaspace       used 85310K, capacity 87546K, committed 88064K, reserved 1126400K
  class space    used 10108K, capacity 10666K, committed 10752K, reserved 1048576K
Event: 36.824 GC heap after
Heap after GC invocations=22 (full 3):
 PSYoungGen      total 379392K, used 45093K [0x00000000e0000000, 0x00000000ffe80000, 0x0000000100000000)
  eden space 234496K, 0% used [0x00000000e0000000,0x00000000e0000000,0x00000000ee500000)
  from space 144896K, 31% used [0x00000000ee500000,0x00000000f1109638,0x00000000f7280000)
  to   space 139264K, 0% used [0x00000000f7680000,0x00000000f7680000,0x00000000ffe80000)
 ParOldGen       total 327680K, used 213447K [0x00000000a0000000, 0x00000000b4000000, 0x00000000e0000000)
  object space 327680K, 65% used [0x00000000a0000000,0x00000000ad071e48,0x00000000b4000000)
 Metaspace       used 85310K, capacity 87546K, committed 88064K, reserved 1126400K
  class space    used 10108K, capacity 10666K, committed 10752K, reserved 1048576K
}
Event: 39.317 GC heap before
{Heap before GC invocations=23 (full 3):
 PSYoungGen      total 379392K, used 279589K [0x00000000e0000000, 0x00000000ffe80000, 0x0000000100000000)
  eden space 234496K, 100% used [0x00000000e0000000,0x00000000ee500000,0x00000000ee500000)
  from space 144896K, 31% used [0x00000000ee500000,0x00000000f1109638,0x00000000f7280000)
  to   space 139264K, 0% used [0x00000000f7680000,0x00000000f7680000,0x00000000ffe80000)
 ParOldGen       total 327680K, used 213450K [0x00000000a0000000, 0x00000000b4000000, 0x00000000e0000000)
  object space 327680K, 65% used [0x00000000a0000000,0x00000000ad072980,0x00000000b4000000)
 Metaspace       used 87274K, capacity 89636K, committed 89984K, reserved 1128448K
  class space    used 10172K, capacity 10767K, committed 10880K, reserved 1048576K
Event: 39.346 GC heap after
Heap after GC invocations=23 (full 3):
 PSYoungGen      total 359936K, used 60531K [0x00000000e0000000, 0x00000000feb80000, 0x0000000100000000)
  eden space 240128K, 0% used [0x00000000e0000000,0x00000000e0000000,0x00000000eea80000)
  from space 119808K, 50% used [0x00000000f7680000,0x00000000fb19cd00,0x00000000feb80000)
  to   space 131584K, 0% used [0x00000000eea80000,0x00000000eea80000,0x00000000f6b00000)
 ParOldGen       total 327680K, used 213458K [0x00000000a0000000, 0x00000000b4000000, 0x00000000e0000000)
  object space 327680K, 65% used [0x00000000a0000000,0x00000000ad074980,0x00000000b4000000)
 Metaspace       used 87274K, capacity 89636K, committed 89984K, reserved 1128448K
  class space    used 10172K, capacity 10767K, committed 10880K, reserved 1048576K
}
Event: 41.189 GC heap before
{Heap before GC invocations=24 (full 3):
 PSYoungGen      total 359936K, used 300659K [0x00000000e0000000, 0x00000000feb80000, 0x0000000100000000)
  eden space 240128K, 100% used [0x00000000e0000000,0x00000000eea80000,0x00000000eea80000)
  from space 119808K, 50% used [0x00000000f7680000,0x00000000fb19cd00,0x00000000feb80000)
  to   space 131584K, 0% used [0x00000000eea80000,0x00000000eea80000,0x00000000f6b00000)
 ParOldGen       total 327680K, used 213458K [0x00000000a0000000, 0x00000000b4000000, 0x00000000e0000000)
  object space 327680K, 65% used [0x00000000a0000000,0x00000000ad074980,0x00000000b4000000)
 Metaspace       used 88972K, capacity 91718K, committed 91904K, reserved 1130496K
  class space    used 10295K, capacity 10986K, committed 11008K, reserved 1048576K
Event: 41.221 GC heap after
Heap after GC invocations=24 (full 3):
 PSYoungGen      total 371712K, used 83852K [0x00000000e0000000, 0x0000000100000000, 0x0000000100000000)
  eden space 240128K, 0% used [0x00000000e0000000,0x00000000e0000000,0x00000000eea80000)
  from space 131584K, 63% used [0x00000000eea80000,0x00000000f3c63168,0x00000000f6b00000)
  to   space 133120K, 0% used [0x00000000f7e00000,0x00000000f7e00000,0x0000000100000000)
 ParOldGen       total 327680K, used 213466K [0x00000000a0000000, 0x00000000b4000000, 0x00000000e0000000)
  object space 327680K, 65% used [0x00000000a0000000,0x00000000ad076980,0x00000000b4000000)
 Metaspace       used 88972K, capacity 91718K, committed 91904K, reserved 1130496K
  class space    used 10295K, capacity 10986K, committed 11008K, reserved 1048576K
}

