# JRE version: OpenJDK Runtime Environment (8.0_342-b07) (build 1.8.0_342-b07)
# Java VM: OpenJDK 64-Bit Server VM (25.342-b07 mixed mode windows-amd64 compressed oops)
Heap:
 PSYoungGen      total 349696K, used 108018K [0x00000000e0000000, 0x0000000100000000, 0x0000000100000000)
  eden space 175104K, 61% used [0x00000000e0000000,0x00000000e697c8d0,0x00000000eab00000)
  from space 174592K, 0% used [0x00000000eab00000,0x00000000eab00000,0x00000000f5580000)
  to   space 174592K, 0% used [0x00000000f5580000,0x00000000f5580000,0x0000000100000000)
 ParOldGen       total 335872K, used 321522K [0x00000000a0000000, 0x00000000b4800000, 0x00000000e0000000)
  object space 335872K, 95% used [0x00000000a0000000,0x00000000b39fcb68,0x00000000b4800000)
 Metaspace       used 93505K, capacity 96338K, committed 96640K, reserved 1134592K
  class space    used 10837K, capacity 11569K, committed 11648K, reserved 1048576K
GC Heap History (10 events):
Event: 65.255 GC heap before
{Heap before GC invocations=33 (full 4):
 PSYoungGen      total 332288K, used 312835K [0x00000000e0000000, 0x0000000100000000, 0x0000000100000000)
  eden space 175104K, 100% used [0x00000000e0000000,0x00000000eab00000,0x00000000eab00000)
  from space 157184K, 87% used [0x00000000f6680000,0x00000000fed00cf8,0x0000000100000000)
  to   space 174592K, 0% used [0x00000000eab00000,0x00000000eab00000,0x00000000f5580000)
 ParOldGen       total 335872K, used 218216K [0x00000000a0000000, 0x00000000b4800000, 0x00000000e0000000)
  object space 335872K, 64% used [0x00000000a0000000,0x00000000ad51a2c8,0x00000000b4800000)
 Metaspace       used 93637K, capacity 96522K, committed 96640K, reserved 1134592K
  class space    used 10865K, capacity 11609K, committed 11648K, reserved 1048576K
Event: 65.311 GC heap after
Heap after GC invocations=33 (full 4):
 PSYoungGen      total 349696K, used 140136K [0x00000000e0000000, 0x0000000100000000, 0x0000000100000000)
  eden space 175104K, 0% used [0x00000000e0000000,0x00000000e0000000,0x00000000eab00000)
  from space 174592K, 80% used [0x00000000eab00000,0x00000000f33da1a0,0x00000000f5580000)
  to   space 174592K, 0% used [0x00000000f5580000,0x00000000f5580000,0x0000000100000000)
 ParOldGen       total 335872K, used 236633K [0x00000000a0000000, 0x00000000b4800000, 0x00000000e0000000)
  object space 335872K, 70% used [0x00000000a0000000,0x00000000ae716750,0x00000000b4800000)
 Metaspace       used 93637K, capacity 96522K, committed 96640K, reserved 1134592K
  class space    used 10865K, capacity 11609K, committed 11648K, reserved 1048576K
}
Event: 67.399 GC heap before
{Heap before GC invocations=34 (full 4):
 PSYoungGen      total 349696K, used 315240K [0x00000000e0000000, 0x0000000100000000, 0x0000000100000000)
  eden space 175104K, 100% used [0x00000000e0000000,0x00000000eab00000,0x00000000eab00000)
  from space 174592K, 80% used [0x00000000eab00000,0x00000000f33da1a0,0x00000000f5580000)
  to   space 174592K, 0% used [0x00000000f5580000,0x00000000f5580000,0x0000000100000000)
 ParOldGen       total 335872K, used 236633K [0x00000000a0000000, 0x00000000b4800000, 0x00000000e0000000)
  object space 335872K, 70% used [0x00000000a0000000,0x00000000ae716750,0x00000000b4800000)
 Metaspace       used 93639K, capacity 96522K, committed 96640K, reserved 1134592K
  class space    used 10865K, capacity 11609K, committed 11648K, reserved 1048576K
Event: 67.446 GC heap after
Heap after GC invocations=34 (full 4):
 PSYoungGen      total 349696K, used 141123K [0x00000000e0000000, 0x0000000100000000, 0x0000000100000000)
  eden space 175104K, 0% used [0x00000000e0000000,0x00000000e0000000,0x00000000eab00000)
  from space 174592K, 80% used [0x00000000f5580000,0x00000000fdf50ec8,0x0000000100000000)
  to   space 174592K, 0% used [0x00000000eab00000,0x00000000eab00000,0x00000000f5580000)
 ParOldGen       total 335872K, used 250003K [0x00000000a0000000, 0x00000000b4800000, 0x00000000e0000000)
  object space 335872K, 74% used [0x00000000a0000000,0x00000000af424c80,0x00000000b4800000)
 Metaspace       used 93639K, capacity 96522K, committed 96640K, reserved 1134592K
  class space    used 10865K, capacity 11609K, committed 11648K, reserved 1048576K
}
Event: 68.680 GC heap before
{Heap before GC invocations=35 (full 4):
 PSYoungGen      total 349696K, used 316227K [0x00000000e0000000, 0x0000000100000000, 0x0000000100000000)
  eden space 175104K, 100% used [0x00000000e0000000,0x00000000eab00000,0x00000000eab00000)
  from space 174592K, 80% used [0x00000000f5580000,0x00000000fdf50ec8,0x0000000100000000)
  to   space 174592K, 0% used [0x00000000eab00000,0x00000000eab00000,0x00000000f5580000)
 ParOldGen       total 335872K, used 250003K [0x00000000a0000000, 0x00000000b4800000, 0x00000000e0000000)
  object space 335872K, 74% used [0x00000000a0000000,0x00000000af424c80,0x00000000b4800000)
 Metaspace       used 93640K, capacity 96522K, committed 96640K, reserved 1134592K
  class space    used 10865K, capacity 11609K, committed 11648K, reserved 1048576K
Event: 68.737 GC heap after
Heap after GC invocations=35 (full 4):
 PSYoungGen      total 349696K, used 120270K [0x00000000e0000000, 0x0000000100000000, 0x0000000100000000)
  eden space 175104K, 0% used [0x00000000e0000000,0x00000000e0000000,0x00000000eab00000)
  from space 174592K, 68% used [0x00000000eab00000,0x00000000f2073998,0x00000000f5580000)
  to   space 174592K, 0% used [0x00000000f5580000,0x00000000f5580000,0x0000000100000000)
 ParOldGen       total 335872K, used 291985K [0x00000000a0000000, 0x00000000b4800000, 0x00000000e0000000)
  object space 335872K, 86% used [0x00000000a0000000,0x00000000b1d247e0,0x00000000b4800000)
 Metaspace       used 93640K, capacity 96522K, committed 96640K, reserved 1134592K
  class space    used 10865K, capacity 11609K, committed 11648K, reserved 1048576K
}
Event: 68.737 GC heap before
{Heap before GC invocations=36 (full 5):
 PSYoungGen      total 349696K, used 120270K [0x00000000e0000000, 0x0000000100000000, 0x0000000100000000)
  eden space 175104K, 0% used [0x00000000e0000000,0x00000000e0000000,0x00000000eab00000)
  from space 174592K, 68% used [0x00000000eab00000,0x00000000f2073998,0x00000000f5580000)
  to   space 174592K, 0% used [0x00000000f5580000,0x00000000f5580000,0x0000000100000000)
 ParOldGen       total 335872K, used 291985K [0x00000000a0000000, 0x00000000b4800000, 0x00000000e0000000)
  object space 335872K, 86% used [0x00000000a0000000,0x00000000b1d247e0,0x00000000b4800000)
 Metaspace       used 93640K, capacity 96522K, committed 96640K, reserved 1134592K
  class space    used 10865K, capacity 11609K, committed 11648K, reserved 1048576K
Event: 69.056 GC heap after
Heap after GC invocations=36 (full 5):
 PSYoungGen      total 349696K, used 0K [0x00000000e0000000, 0x0000000100000000, 0x0000000100000000)
  eden space 175104K, 0% used [0x00000000e0000000,0x00000000e0000000,0x00000000eab00000)
  from space 174592K, 0% used [0x00000000eab00000,0x00000000eab00000,0x00000000f5580000)
  to   space 174592K, 0% used [0x00000000f5580000,0x00000000f5580000,0x0000000100000000)
 ParOldGen       total 335872K, used 313107K [0x00000000a0000000, 0x00000000b4800000, 0x00000000e0000000)
  object space 335872K, 93% used [0x00000000a0000000,0x00000000b31c4e90,0x00000000b4800000)
 Metaspace       used 93386K, capacity 96204K, committed 96640K, reserved 1134592K
  class space    used 10829K, capacity 11568K, committed 11648K, reserved 1048576K
}
Event: 70.998 GC heap before
{Heap before GC invocations=37 (full 6):
 PSYoungGen      total 349696K, used 175104K [0x00000000e0000000, 0x0000000100000000, 0x0000000100000000)
  eden space 175104K, 100% used [0x00000000e0000000,0x00000000eab00000,0x00000000eab00000)
  from space 174592K, 0% used [0x00000000eab00000,0x00000000eab00000,0x00000000f5580000)
  to   space 174592K, 0% used [0x00000000f5580000,0x00000000f5580000,0x0000000100000000)
 ParOldGen       total 335872K, used 313107K [0x00000000a0000000, 0x00000000b4800000, 0x00000000e0000000)
  object space 335872K, 93% used [0x00000000a0000000,0x00000000b31c4e90,0x00000000b4800000)
 Metaspace       used 93501K, capacity 96332K, committed 96640K, reserved 1134592K
  class space    used 10837K, capacity 11568K, committed 11648K, reserved 1048576K
Event: 71.924 GC heap after
Heap after GC invocations=37 (full 6):
 PSYoungGen      total 349696K, used 0K [0x00000000e0000000, 0x0000000100000000, 0x0000000100000000)
  eden space 175104K, 0% used [0x00000000e0000000,0x00000000e0000000,0x00000000eab00000)
  from space 174592K, 0% used [0x00000000eab00000,0x00000000eab00000,0x00000000f5580000)
  to   space 174592K, 0% used [0x00000000f5580000,0x00000000f5580000,0x0000000100000000)
 ParOldGen       total 335872K, used 321522K [0x00000000a0000000, 0x00000000b4800000, 0x00000000e0000000)
  object space 335872K, 95% used [0x00000000a0000000,0x00000000b39fcb68,0x00000000b4800000)
 Metaspace       used 93501K, capacity 96332K, committed 96640K, reserved 1134592K
  class space    used 10837K, capacity 11568K, committed 11648K, reserved 1048576K
}

